# JRE version: OpenJDK Runtime Environment Zulu17.32+13-CA (17.0.2+8) (build 17.0.2+8-LTS)
# Java VM: OpenJDK 64-Bit Server VM Zulu17.32+13-CA (17.0.2+8-LTS, mixed mode, sharing, tiered, compressed oops, compressed class ptrs, g1 gc, windows-amd64)
GC Precious Log:
 CPUs: 8 total, 8 available
 Memory: 7998M
 Large Page Support: Disabled
 NUMA Support: Disabled
 Compressed Oops: Enabled (32-bit)
 Heap Region Size: 1M
 Heap Min Capacity: 8M
 Heap Initial Capacity: 126M
 Heap Max Capacity: 2000M
 Pre-touch: Disabled
 Parallel Workers: 8
 Concurrent Workers: 2
 Concurrent Refinement Workers: 8
 Periodic GC: Disabled
Heap:
 garbage-first heap   total 106496K, used 67798K [0x0000000083000000, 0x0000000100000000)
  region size 1024K, 27 young (27648K), 3 survivors (3072K)
 Metaspace       used 86698K, committed 87360K, reserved 1130496K
  class space    used 11394K, committed 11712K, reserved 1048576K
GC Heap History (20 events):
Event: 8.478 GC heap before
{Heap before GC invocations=16 (full 0):
 garbage-first heap   total 58368K, used 29860K [0x0000000083000000, 0x0000000100000000)
  region size 1024K, 3 young (3072K), 2 survivors (2048K)
 Metaspace       used 47256K, committed 47744K, reserved 1097728K
  class space    used 6268K, committed 6528K, reserved 1048576K
}
Event: 8.483 GC heap after
{Heap after GC invocations=17 (full 0):
 garbage-first heap   total 58368K, used 28806K [0x0000000083000000, 0x0000000100000000)
  region size 1024K, 1 young (1024K), 1 survivors (1024K)
 Metaspace       used 47256K, committed 47744K, reserved 1097728K
  class space    used 6268K, committed 6528K, reserved 1048576K
}
Event: 9.234 GC heap before
{Heap before GC invocations=17 (full 0):
 garbage-first heap   total 58368K, used 46214K [0x0000000083000000, 0x0000000100000000)
  region size 1024K, 18 young (18432K), 1 survivors (1024K)
 Metaspace       used 51596K, committed 52096K, reserved 1097728K
  class space    used 6867K, committed 7104K, reserved 1048576K
}
Event: 9.236 GC heap after
{Heap after GC invocations=18 (full 0):
 garbage-first heap   total 110592K, used 29385K [0x0000000083000000, 0x0000000100000000)
  region size 1024K, 1 young (1024K), 1 survivors (1024K)
 Metaspace       used 51596K, committed 52096K, reserved 1097728K
  class space    used 6867K, committed 7104K, reserved 1048576K
}
Event: 10.925 GC heap before
{Heap before GC invocations=19 (full 0):
 garbage-first heap   total 106496K, used 86729K [0x0000000083000000, 0x0000000100000000)
  region size 1024K, 58 young (59392K), 1 survivors (1024K)
 Metaspace       used 65147K, committed 65664K, reserved 1105920K
  class space    used 8931K, committed 9152K, reserved 1048576K
}
Event: 10.932 GC heap after
{Heap after GC invocations=20 (full 0):
 garbage-first heap   total 106496K, used 32642K [0x0000000083000000, 0x0000000100000000)
  region size 1024K, 4 young (4096K), 4 survivors (4096K)
 Metaspace       used 65147K, committed 65664K, reserved 1105920K
  class space    used 8931K, committed 9152K, reserved 1048576K
}
Event: 10.959 GC heap before
{Heap before GC invocations=20 (full 0):
 garbage-first heap   total 106496K, used 33666K [0x0000000083000000, 0x0000000100000000)
  region size 1024K, 5 young (5120K), 4 survivors (4096K)
 Metaspace       used 65254K, committed 65792K, reserved 1105920K
  class space    used 8947K, committed 9216K, reserved 1048576K
}
Event: 10.965 GC heap after
{Heap after GC invocations=21 (full 0):
 garbage-first heap   total 106496K, used 32991K [0x0000000083000000, 0x0000000100000000)
  region size 1024K, 1 young (1024K), 1 survivors (1024K)
 Metaspace       used 65254K, committed 65792K, reserved 1105920K
  class space    used 8947K, committed 9216K, reserved 1048576K
}
Event: 13.203 GC heap before
{Heap before GC invocations=21 (full 0):
 garbage-first heap   total 106496K, used 84191K [0x0000000083000000, 0x0000000100000000)
  region size 1024K, 51 young (52224K), 1 survivors (1024K)
 Metaspace       used 71516K, committed 72064K, reserved 1114112K
  class space    used 9753K, committed 9984K, reserved 1048576K
}
Event: 13.210 GC heap after
{Heap after GC invocations=22 (full 0):
 garbage-first heap   total 106496K, used 37091K [0x0000000083000000, 0x0000000100000000)
  region size 1024K, 5 young (5120K), 5 survivors (5120K)
 Metaspace       used 71516K, committed 72064K, reserved 1114112K
  class space    used 9753K, committed 9984K, reserved 1048576K
}
Event: 15.793 GC heap before
{Heap before GC invocations=22 (full 0):
 garbage-first heap   total 106496K, used 84195K [0x0000000083000000, 0x0000000100000000)
  region size 1024K, 51 young (52224K), 5 survivors (5120K)
 Metaspace       used 79147K, committed 79744K, reserved 1122304K
  class space    used 10781K, committed 11072K, reserved 1048576K
}
Event: 15.803 GC heap after
{Heap after GC invocations=23 (full 0):
 garbage-first heap   total 106496K, used 42133K [0x0000000083000000, 0x0000000100000000)
  region size 1024K, 6 young (6144K), 6 survivors (6144K)
 Metaspace       used 79147K, committed 79744K, reserved 1122304K
  class space    used 10781K, committed 11072K, reserved 1048576K
}
Event: 301.871 GC heap before
{Heap before GC invocations=23 (full 0):
 garbage-first heap   total 106496K, used 81045K [0x0000000083000000, 0x0000000100000000)
  region size 1024K, 45 young (46080K), 6 survivors (6144K)
 Metaspace       used 83827K, committed 84416K, reserved 1122304K
  class space    used 11385K, committed 11648K, reserved 1048576K
}
Event: 301.896 GC heap after
{Heap after GC invocations=24 (full 0):
 garbage-first heap   total 106496K, used 43914K [0x0000000083000000, 0x0000000100000000)
  region size 1024K, 2 young (2048K), 2 survivors (2048K)
 Metaspace       used 83827K, committed 84416K, reserved 1122304K
  class space    used 11385K, committed 11648K, reserved 1048576K
}
Event: 407.838 GC heap before
{Heap before GC invocations=24 (full 0):
 garbage-first heap   total 106496K, used 84874K [0x0000000083000000, 0x0000000100000000)
  region size 1024K, 42 young (43008K), 2 survivors (2048K)
 Metaspace       used 85497K, committed 86080K, reserved 1130496K
  class space    used 11393K, committed 11712K, reserved 1048576K
}
Event: 407.845 GC heap after
{Heap after GC invocations=25 (full 0):
 garbage-first heap   total 106496K, used 44284K [0x0000000083000000, 0x0000000100000000)
  region size 1024K, 3 young (3072K), 3 survivors (3072K)
 Metaspace       used 85497K, committed 86080K, reserved 1130496K
  class space    used 11393K, committed 11712K, reserved 1048576K
}
Event: 413.328 GC heap before
{Heap before GC invocations=25 (full 0):
 garbage-first heap   total 106496K, used 86268K [0x0000000083000000, 0x0000000100000000)
  region size 1024K, 44 young (45056K), 3 survivors (3072K)
 Metaspace       used 86457K, committed 87040K, reserved 1130496K
  class space    used 11394K, committed 11712K, reserved 1048576K
}
Event: 413.334 GC heap after
{Heap after GC invocations=26 (full 0):
 garbage-first heap   total 106496K, used 44251K [0x0000000083000000, 0x0000000100000000)
  region size 1024K, 3 young (3072K), 3 survivors (3072K)
 Metaspace       used 86457K, committed 87040K, reserved 1130496K
  class space    used 11394K, committed 11712K, reserved 1048576K
}
Event: 413.816 GC heap before
{Heap before GC invocations=26 (full 0):
 garbage-first heap   total 106496K, used 49371K [0x0000000083000000, 0x0000000100000000)
  region size 1024K, 9 young (9216K), 3 survivors (3072K)
 Metaspace       used 86669K, committed 87296K, reserved 1130496K
  class space    used 11394K, committed 11712K, reserved 1048576K
}
Event: 413.823 GC heap after
{Heap after GC invocations=27 (full 0):
 garbage-first heap   total 106496K, used 44246K [0x0000000083000000, 0x0000000100000000)
  region size 1024K, 3 young (3072K), 3 survivors (3072K)
 Metaspace       used 86669K, committed 87296K, reserved 1130496K
  class space    used 11394K, committed 11712K, reserved 1048576K
}

