# JRE version: OpenJDK Runtime Environment Zulu17.32+13-CA (17.0.2+8) (build 17.0.2+8-LTS)
# Java VM: OpenJDK 64-Bit Server VM Zulu17.32+13-CA (17.0.2+8-LTS, mixed mode, sharing, tiered, compressed oops, compressed class ptrs, g1 gc, windows-amd64)
GC Precious Log:
 CPUs: 8 total, 8 available
 Memory: 7998M
 Large Page Support: Disabled
 NUMA Support: Disabled
 Compressed Oops: Enabled (32-bit)
 Heap Region Size: 1M
 Heap Min Capacity: 8M
 Heap Initial Capacity: 126M
 Heap Max Capacity: 2000M
 Pre-touch: Disabled
 Parallel Workers: 8
 Concurrent Workers: 2
 Concurrent Refinement Workers: 8
 Periodic GC: Disabled
Heap:
 garbage-first heap   total 83968K, used 63045K [0x0000000083000000, 0x0000000100000000)
  region size 1024K, 19 young (19456K), 1 survivors (1024K)
 Metaspace       used 87766K, committed 88384K, reserved 1130496K
  class space    used 11490K, committed 11776K, reserved 1048576K
GC Heap History (20 events):
Event: 64.592 GC heap before
{Heap before GC invocations=31 (full 0):
 garbage-first heap   total 78848K, used 47434K [0x0000000083000000, 0x0000000100000000)
  region size 1024K, 3 young (3072K), 2 survivors (2048K)
 Metaspace       used 84196K, committed 84736K, reserved 1122304K
  class space    used 11471K, committed 11712K, reserved 1048576K
}
Event: 64.598 GC heap after
{Heap after GC invocations=32 (full 0):
 garbage-first heap   total 78848K, used 46221K [0x0000000083000000, 0x0000000100000000)
  region size 1024K, 1 young (1024K), 1 survivors (1024K)
 Metaspace       used 84196K, committed 84736K, reserved 1122304K
  class space    used 11471K, committed 11712K, reserved 1048576K
}
Event: 304.848 GC heap before
{Heap before GC invocations=32 (full 0):
 garbage-first heap   total 78848K, used 64653K [0x0000000083000000, 0x0000000100000000)
  region size 1024K, 19 young (19456K), 1 survivors (1024K)
 Metaspace       used 84686K, committed 85184K, reserved 1130496K
  class space    used 11479K, committed 11712K, reserved 1048576K
}
Event: 304.912 GC heap after
{Heap after GC invocations=33 (full 0):
 garbage-first heap   total 78848K, used 46284K [0x0000000083000000, 0x0000000100000000)
  region size 1024K, 1 young (1024K), 1 survivors (1024K)
 Metaspace       used 84686K, committed 85184K, reserved 1130496K
  class space    used 11479K, committed 11712K, reserved 1048576K
}
Event: 560.282 GC heap before
{Heap before GC invocations=34 (full 0):
 garbage-first heap   total 80896K, used 64716K [0x0000000083000000, 0x0000000100000000)
  region size 1024K, 19 young (19456K), 1 survivors (1024K)
 Metaspace       used 84827K, committed 85376K, reserved 1130496K
  class space    used 11480K, committed 11712K, reserved 1048576K
}
Event: 560.293 GC heap after
{Heap after GC invocations=35 (full 0):
 garbage-first heap   total 80896K, used 46345K [0x0000000083000000, 0x0000000100000000)
  region size 1024K, 1 young (1024K), 1 survivors (1024K)
 Metaspace       used 84827K, committed 85376K, reserved 1130496K
  class space    used 11480K, committed 11712K, reserved 1048576K
}
Event: 565.729 GC heap before
{Heap before GC invocations=35 (full 0):
 garbage-first heap   total 80896K, used 48393K [0x0000000083000000, 0x0000000100000000)
  region size 1024K, 3 young (3072K), 1 survivors (1024K)
 Metaspace       used 84906K, committed 85504K, reserved 1130496K
  class space    used 11486K, committed 11776K, reserved 1048576K
}
Event: 565.737 GC heap after
{Heap after GC invocations=36 (full 0):
 garbage-first heap   total 80896K, used 46266K [0x0000000083000000, 0x0000000100000000)
  region size 1024K, 1 young (1024K), 1 survivors (1024K)
 Metaspace       used 84906K, committed 85504K, reserved 1130496K
  class space    used 11486K, committed 11776K, reserved 1048576K
}
Event: 568.831 GC heap before
{Heap before GC invocations=36 (full 0):
 garbage-first heap   total 80896K, used 67770K [0x0000000083000000, 0x0000000100000000)
  region size 1024K, 22 young (22528K), 1 survivors (1024K)
 Metaspace       used 85975K, committed 86592K, reserved 1130496K
  class space    used 11489K, committed 11776K, reserved 1048576K
}
Event: 568.838 GC heap after
{Heap after GC invocations=37 (full 0):
 garbage-first heap   total 80896K, used 46323K [0x0000000083000000, 0x0000000100000000)
  region size 1024K, 1 young (1024K), 1 survivors (1024K)
 Metaspace       used 85975K, committed 86592K, reserved 1130496K
  class space    used 11489K, committed 11776K, reserved 1048576K
}
Event: 572.784 GC heap before
{Heap before GC invocations=38 (full 0):
 garbage-first heap   total 80896K, used 66803K [0x0000000083000000, 0x0000000100000000)
  region size 1024K, 22 young (22528K), 1 survivors (1024K)
 Metaspace       used 86879K, committed 87488K, reserved 1130496K
  class space    used 11490K, committed 11776K, reserved 1048576K
}
Event: 572.788 GC heap after
{Heap after GC invocations=39 (full 0):
 garbage-first heap   total 80896K, used 46357K [0x0000000083000000, 0x0000000100000000)
  region size 1024K, 1 young (1024K), 1 survivors (1024K)
 Metaspace       used 86879K, committed 87488K, reserved 1130496K
  class space    used 11490K, committed 11776K, reserved 1048576K
}
Event: 572.857 GC heap before
{Heap before GC invocations=39 (full 0):
 garbage-first heap   total 80896K, used 48405K [0x0000000083000000, 0x0000000100000000)
  region size 1024K, 3 young (3072K), 1 survivors (1024K)
 Metaspace       used 86937K, committed 87552K, reserved 1130496K
  class space    used 11490K, committed 11776K, reserved 1048576K
}
Event: 572.865 GC heap after
{Heap after GC invocations=40 (full 0):
 garbage-first heap   total 80896K, used 45997K [0x0000000083000000, 0x0000000100000000)
  region size 1024K, 1 young (1024K), 1 survivors (1024K)
 Metaspace       used 86937K, committed 87552K, reserved 1130496K
  class space    used 11490K, committed 11776K, reserved 1048576K
}
Event: 575.929 GC heap before
{Heap before GC invocations=40 (full 0):
 garbage-first heap   total 80896K, used 67501K [0x0000000083000000, 0x0000000100000000)
  region size 1024K, 23 young (23552K), 1 survivors (1024K)
 Metaspace       used 87576K, committed 88192K, reserved 1130496K
  class space    used 11490K, committed 11776K, reserved 1048576K
}
Event: 575.933 GC heap after
{Heap after GC invocations=41 (full 0):
 garbage-first heap   total 80896K, used 46052K [0x0000000083000000, 0x0000000100000000)
  region size 1024K, 1 young (1024K), 1 survivors (1024K)
 Metaspace       used 87576K, committed 88192K, reserved 1130496K
  class space    used 11490K, committed 11776K, reserved 1048576K
}
Event: 578.132 GC heap before
{Heap before GC invocations=42 (full 0):
 garbage-first heap   total 83968K, used 68580K [0x0000000083000000, 0x0000000100000000)
  region size 1024K, 23 young (23552K), 1 survivors (1024K)
 Metaspace       used 87736K, committed 88320K, reserved 1130496K
  class space    used 11490K, committed 11776K, reserved 1048576K
}
Event: 578.136 GC heap after
{Heap after GC invocations=43 (full 0):
 garbage-first heap   total 83968K, used 46005K [0x0000000083000000, 0x0000000100000000)
  region size 1024K, 1 young (1024K), 1 survivors (1024K)
 Metaspace       used 87736K, committed 88320K, reserved 1130496K
  class space    used 11490K, committed 11776K, reserved 1048576K
}
Event: 578.372 GC heap before
{Heap before GC invocations=43 (full 0):
 garbage-first heap   total 83968K, used 49077K [0x0000000083000000, 0x0000000100000000)
  region size 1024K, 4 young (4096K), 1 survivors (1024K)
 Metaspace       used 87736K, committed 88320K, reserved 1130496K
  class space    used 11490K, committed 11776K, reserved 1048576K
}
Event: 578.379 GC heap after
{Heap after GC invocations=44 (full 0):
 garbage-first heap   total 83968K, used 45637K [0x0000000083000000, 0x0000000100000000)
  region size 1024K, 1 young (1024K), 1 survivors (1024K)
 Metaspace       used 87736K, committed 88320K, reserved 1130496K
  class space    used 11490K, committed 11776K, reserved 1048576K
}

