# JRE version: OpenJDK Runtime Environment Zulu17.32+13-CA (17.0.2+8) (build 17.0.2+8-LTS)
# Java VM: OpenJDK 64-Bit Server VM Zulu17.32+13-CA (17.0.2+8-LTS, mixed mode, sharing, tiered, compressed oops, compressed class ptrs, g1 gc, windows-amd64)
GC Precious Log:
 CPUs: 8 total, 8 available
 Memory: 7998M
 Large Page Support: Disabled
 NUMA Support: Disabled
 Compressed Oops: Enabled (32-bit)
 Heap Region Size: 1M
 Heap Min Capacity: 8M
 Heap Initial Capacity: 126M
 Heap Max Capacity: 2000M
 Pre-touch: Disabled
 Parallel Workers: 8
 Concurrent Workers: 2
 Concurrent Refinement Workers: 8
 Periodic GC: Disabled
Heap:
 garbage-first heap   total 155648K, used 81920K [0x0000000083000000, 0x0000000100000000)
  region size 1024K, 1 young (1024K), 1 survivors (1024K)
 Metaspace       used 31486K, committed 31808K, reserved 1081344K
  class space    used 3508K, committed 3648K, reserved 1048576K
GC Heap History (20 events):
Event: 22.448 GC heap after
{Heap after GC invocations=6 (full 0):
 garbage-first heap   total 129024K, used 41984K [0x0000000083000000, 0x0000000100000000)
  region size 1024K, 5 young (5120K), 5 survivors (5120K)
 Metaspace       used 17201K, committed 17408K, reserved 1064960K
  class space    used 1943K, committed 2048K, reserved 1048576K
}
Event: 25.719 GC heap before
{Heap before GC invocations=6 (full 0):
 garbage-first heap   total 129024K, used 97280K [0x0000000083000000, 0x0000000100000000)
  region size 1024K, 53 young (54272K), 5 survivors (5120K)
 Metaspace       used 21272K, committed 21504K, reserved 1073152K
  class space    used 2425K, committed 2560K, reserved 1048576K
}
Event: 25.742 GC heap after
{Heap after GC invocations=7 (full 0):
 garbage-first heap   total 129024K, used 52205K [0x0000000083000000, 0x0000000100000000)
  region size 1024K, 6 young (6144K), 6 survivors (6144K)
 Metaspace       used 21272K, committed 21504K, reserved 1073152K
  class space    used 2425K, committed 2560K, reserved 1048576K
}
Event: 28.112 GC heap before
{Heap before GC invocations=8 (full 0):
 garbage-first heap   total 129024K, used 101357K [0x0000000083000000, 0x0000000100000000)
  region size 1024K, 51 young (52224K), 6 survivors (6144K)
 Metaspace       used 26195K, committed 26560K, reserved 1073152K
  class space    used 2976K, committed 3136K, reserved 1048576K
}
Event: 28.140 GC heap after
{Heap after GC invocations=9 (full 0):
 garbage-first heap   total 129024K, used 66906K [0x0000000083000000, 0x0000000100000000)
  region size 1024K, 7 young (7168K), 7 survivors (7168K)
 Metaspace       used 26195K, committed 26560K, reserved 1073152K
  class space    used 2976K, committed 3136K, reserved 1048576K
}
Event: 28.145 GC heap before
{Heap before GC invocations=9 (full 0):
 garbage-first heap   total 129024K, used 67930K [0x0000000083000000, 0x0000000100000000)
  region size 1024K, 8 young (8192K), 7 survivors (7168K)
 Metaspace       used 26196K, committed 26560K, reserved 1073152K
  class space    used 2976K, committed 3136K, reserved 1048576K
}
Event: 28.158 GC heap after
{Heap after GC invocations=10 (full 0):
 garbage-first heap   total 155648K, used 67072K [0x0000000083000000, 0x0000000100000000)
  region size 1024K, 1 young (1024K), 1 survivors (1024K)
 Metaspace       used 26196K, committed 26560K, reserved 1073152K
  class space    used 2976K, committed 3136K, reserved 1048576K
}
Event: 30.523 GC heap before
{Heap before GC invocations=10 (full 0):
 garbage-first heap   total 155648K, used 111104K [0x0000000083000000, 0x0000000100000000)
  region size 1024K, 44 young (45056K), 1 survivors (1024K)
 Metaspace       used 28008K, committed 28352K, reserved 1081344K
  class space    used 3170K, committed 3328K, reserved 1048576K
}
Event: 30.538 GC heap after
{Heap after GC invocations=11 (full 0):
 garbage-first heap   total 155648K, used 73216K [0x0000000083000000, 0x0000000100000000)
  region size 1024K, 6 young (6144K), 6 survivors (6144K)
 Metaspace       used 28008K, committed 28352K, reserved 1081344K
  class space    used 3170K, committed 3328K, reserved 1048576K
}
Event: 32.299 GC heap before
{Heap before GC invocations=12 (full 0):
 garbage-first heap   total 155648K, used 115200K [0x0000000083000000, 0x0000000100000000)
  region size 1024K, 47 young (48128K), 6 survivors (6144K)
 Metaspace       used 29541K, committed 29888K, reserved 1081344K
  class space    used 3329K, committed 3456K, reserved 1048576K
}
Event: 32.317 GC heap after
{Heap after GC invocations=13 (full 0):
 garbage-first heap   total 155648K, used 75158K [0x0000000083000000, 0x0000000100000000)
  region size 1024K, 2 young (2048K), 2 survivors (2048K)
 Metaspace       used 29541K, committed 29888K, reserved 1081344K
  class space    used 3329K, committed 3456K, reserved 1048576K
}
Event: 32.422 GC heap before
{Heap before GC invocations=13 (full 0):
 garbage-first heap   total 155648K, used 80278K [0x0000000083000000, 0x0000000100000000)
  region size 1024K, 7 young (7168K), 2 survivors (2048K)
 Metaspace       used 29603K, committed 29888K, reserved 1081344K
  class space    used 3332K, committed 3456K, reserved 1048576K
}
Event: 32.435 GC heap after
{Heap after GC invocations=14 (full 0):
 garbage-first heap   total 155648K, used 74158K [0x0000000083000000, 0x0000000100000000)
  region size 1024K, 1 young (1024K), 1 survivors (1024K)
 Metaspace       used 29603K, committed 29888K, reserved 1081344K
  class space    used 3332K, committed 3456K, reserved 1048576K
}
Event: 34.528 GC heap before
{Heap before GC invocations=14 (full 0):
 garbage-first heap   total 155648K, used 114094K [0x0000000083000000, 0x0000000100000000)
  region size 1024K, 41 young (41984K), 1 survivors (1024K)
 Metaspace       used 31343K, committed 31680K, reserved 1081344K
  class space    used 3508K, committed 3648K, reserved 1048576K
}
Event: 34.537 GC heap after
{Heap after GC invocations=15 (full 0):
 garbage-first heap   total 155648K, used 73160K [0x0000000083000000, 0x0000000100000000)
  region size 1024K, 2 young (2048K), 2 survivors (2048K)
 Metaspace       used 31343K, committed 31680K, reserved 1081344K
  class space    used 3508K, committed 3648K, reserved 1048576K
}
Event: 36.449 GC heap before
{Heap before GC invocations=16 (full 0):
 garbage-first heap   total 155648K, used 129480K [0x0000000083000000, 0x0000000100000000)
  region size 1024K, 49 young (50176K), 2 survivors (2048K)
 Metaspace       used 31475K, committed 31808K, reserved 1081344K
  class space    used 3508K, committed 3648K, reserved 1048576K
}
Event: 36.472 GC heap after
{Heap after GC invocations=17 (full 0):
 garbage-first heap   total 155648K, used 94089K [0x0000000083000000, 0x0000000100000000)
  region size 1024K, 7 young (7168K), 7 survivors (7168K)
 Metaspace       used 31475K, committed 31808K, reserved 1081344K
  class space    used 3508K, committed 3648K, reserved 1048576K
}
Event: 36.598 GC heap before
{Heap before GC invocations=17 (full 0):
 garbage-first heap   total 155648K, used 94089K [0x0000000083000000, 0x0000000100000000)
  region size 1024K, 8 young (8192K), 7 survivors (7168K)
 Metaspace       used 31482K, committed 31808K, reserved 1081344K
  class space    used 3508K, committed 3648K, reserved 1048576K
}
Event: 36.616 GC heap after
{Heap after GC invocations=18 (full 0):
 garbage-first heap   total 155648K, used 83591K [0x0000000083000000, 0x0000000100000000)
  region size 1024K, 1 young (1024K), 1 survivors (1024K)
 Metaspace       used 31482K, committed 31808K, reserved 1081344K
  class space    used 3508K, committed 3648K, reserved 1048576K
}
Event: 36.899 GC heap before
{Heap before GC invocations=18 (full 0):
 garbage-first heap   total 155648K, used 89735K [0x0000000083000000, 0x0000000100000000)
  region size 1024K, 7 young (7168K), 1 survivors (1024K)
 Metaspace       used 31486K, committed 31808K, reserved 1081344K
  class space    used 3508K, committed 3648K, reserved 1048576K
}

